# JRE version: OpenJDK Runtime Environment (8.0_242-b01) (build 1.8.0_242-release-1644-b01)
# Java VM: OpenJDK 64-Bit Server VM (25.242-b01 mixed mode windows-amd64 compressed oops)
Heap:
 PSYoungGen      total 460288K, used 221370K [0x00000000d5580000, 0x00000000f5200000, 0x0000000100000000)
  eden space 429568K, 47% used [0x00000000d5580000,0x00000000e1c33780,0x00000000ef900000)
  from space 30720K, 58% used [0x00000000f3400000,0x00000000f457b218,0x00000000f5200000)
  to   space 45568K, 0% used [0x00000000ef900000,0x00000000ef900000,0x00000000f2580000)
 ParOldGen       total 186368K, used 91183K [0x0000000080000000, 0x000000008b600000, 0x00000000d5580000)
  object space 186368K, 48% used [0x0000000080000000,0x000000008590bee0,0x000000008b600000)
 Metaspace       used 114372K, capacity 120796K, committed 121152K, reserved 1155072K
  class space    used 15072K, capacity 16316K, committed 16488K, reserved 1048576K
GC Heap History (10 events):
Event: 2590.490 GC heap before
{Heap before GC invocations=16 (full 3):
 PSYoungGen      total 368128K, used 221249K [0x00000000d5580000, 0x00000000ee200000, 0x0000000100000000)
  eden space 340992K, 56% used [0x00000000d5580000,0x00000000e132d5f0,0x00000000ea280000)
  from space 27136K, 99% used [0x00000000ec780000,0x00000000ee1e2ef0,0x00000000ee200000)
  to   space 31232K, 0% used [0x00000000ea500000,0x00000000ea500000,0x00000000ec380000)
 ParOldGen       total 124416K, used 52500K [0x0000000080000000, 0x0000000087980000, 0x00000000d5580000)
  object space 124416K, 42% used [0x0000000080000000,0x0000000083345140,0x0000000087980000)
 Metaspace       used 93083K, capacity 98390K, committed 98496K, reserved 1134592K
  class space    used 12368K, capacity 13456K, committed 13544K, reserved 1048576K
Event: 2590.518 GC heap after
Heap after GC invocations=16 (full 3):
 PSYoungGen      total 374784K, used 31223K [0x00000000d5580000, 0x00000000f1d80000, 0x0000000100000000)
  eden space 343552K, 0% used [0x00000000d5580000,0x00000000d5580000,0x00000000ea500000)
  from space 31232K, 99% used [0x00000000ea500000,0x00000000ec37dff0,0x00000000ec380000)
  to   space 39424K, 0% used [0x00000000ef700000,0x00000000ef700000,0x00000000f1d80000)
 ParOldGen       total 124416K, used 61444K [0x0000000080000000, 0x0000000087980000, 0x00000000d5580000)
  object space 124416K, 49% used [0x0000000080000000,0x0000000083c01048,0x0000000087980000)
 Metaspace       used 93083K, capacity 98390K, committed 98496K, reserved 1134592K
  class space    used 12368K, capacity 13456K, committed 13544K, reserved 1048576K
}
Event: 2590.518 GC heap before
{Heap before GC invocations=17 (full 4):
 PSYoungGen      total 374784K, used 31223K [0x00000000d5580000, 0x00000000f1d80000, 0x0000000100000000)
  eden space 343552K, 0% used [0x00000000d5580000,0x00000000d5580000,0x00000000ea500000)
  from space 31232K, 99% used [0x00000000ea500000,0x00000000ec37dff0,0x00000000ec380000)
  to   space 39424K, 0% used [0x00000000ef700000,0x00000000ef700000,0x00000000f1d80000)
 ParOldGen       total 124416K, used 61444K [0x0000000080000000, 0x0000000087980000, 0x00000000d5580000)
  object space 124416K, 49% used [0x0000000080000000,0x0000000083c01048,0x0000000087980000)
 Metaspace       used 93083K, capacity 98390K, committed 98496K, reserved 1134592K
  class space    used 12368K, capacity 13456K, committed 13544K, reserved 1048576K
Event: 2590.654 GC heap after
Heap after GC invocations=17 (full 4):
 PSYoungGen      total 374784K, used 0K [0x00000000d5580000, 0x00000000f1d80000, 0x0000000100000000)
  eden space 343552K, 0% used [0x00000000d5580000,0x00000000d5580000,0x00000000ea500000)
  from space 31232K, 0% used [0x00000000ea500000,0x00000000ea500000,0x00000000ec380000)
  to   space 39424K, 0% used [0x00000000ef700000,0x00000000ef700000,0x00000000f1d80000)
 ParOldGen       total 186368K, used 58837K [0x0000000080000000, 0x000000008b600000, 0x00000000d5580000)
  object space 186368K, 31% used [0x0000000080000000,0x0000000083975548,0x000000008b600000)
 Metaspace       used 92040K, capacity 96022K, committed 98496K, reserved 1134592K
  class space    used 12108K, capacity 13000K, committed 13544K, reserved 1048576K
}
Event: 2594.843 GC heap before
{Heap before GC invocations=18 (full 4):
 PSYoungGen      total 374784K, used 343552K [0x00000000d5580000, 0x00000000f1d80000, 0x0000000100000000)
  eden space 343552K, 100% used [0x00000000d5580000,0x00000000ea500000,0x00000000ea500000)
  from space 31232K, 0% used [0x00000000ea500000,0x00000000ea500000,0x00000000ec380000)
  to   space 39424K, 0% used [0x00000000ef700000,0x00000000ef700000,0x00000000f1d80000)
 ParOldGen       total 186368K, used 58837K [0x0000000080000000, 0x000000008b600000, 0x00000000d5580000)
  object space 186368K, 31% used [0x0000000080000000,0x0000000083975548,0x000000008b600000)
 Metaspace       used 101572K, capacity 106396K, committed 107072K, reserved 1142784K
  class space    used 13496K, capacity 14503K, committed 14696K, reserved 1048576K
Event: 2594.919 GC heap after
Heap after GC invocations=18 (full 4):
 PSYoungGen      total 416768K, used 39421K [0x00000000d5580000, 0x00000000f4700000, 0x0000000100000000)
  eden space 377344K, 0% used [0x00000000d5580000,0x00000000d5580000,0x00000000ec600000)
  from space 39424K, 99% used [0x00000000ef700000,0x00000000f1d7f6d0,0x00000000f1d80000)
  to   space 50176K, 0% used [0x00000000ec600000,0x00000000ec600000,0x00000000ef700000)
 ParOldGen       total 186368K, used 70201K [0x0000000080000000, 0x000000008b600000, 0x00000000d5580000)
  object space 186368K, 37% used [0x0000000080000000,0x000000008448e658,0x000000008b600000)
 Metaspace       used 101572K, capacity 106396K, committed 107072K, reserved 1142784K
  class space    used 13496K, capacity 14503K, committed 14696K, reserved 1048576K
}
Event: 2599.309 GC heap before
{Heap before GC invocations=19 (full 4):
 PSYoungGen      total 416768K, used 416765K [0x00000000d5580000, 0x00000000f4700000, 0x0000000100000000)
  eden space 377344K, 100% used [0x00000000d5580000,0x00000000ec600000,0x00000000ec600000)
  from space 39424K, 99% used [0x00000000ef700000,0x00000000f1d7f6d0,0x00000000f1d80000)
  to   space 50176K, 0% used [0x00000000ec600000,0x00000000ec600000,0x00000000ef700000)
 ParOldGen       total 186368K, used 70201K [0x0000000080000000, 0x000000008b600000, 0x00000000d5580000)
  object space 186368K, 37% used [0x0000000080000000,0x000000008448e658,0x000000008b600000)
 Metaspace       used 108762K, capacity 114048K, committed 114368K, reserved 1148928K
  class space    used 14351K, capacity 15412K, committed 15592K, reserved 1048576K
Event: 2599.330 GC heap after
Heap after GC invocations=19 (full 4):
 PSYoungGen      total 427520K, used 9060K [0x00000000d5580000, 0x00000000f6380000, 0x0000000100000000)
  eden space 377344K, 0% used [0x00000000d5580000,0x00000000d5580000,0x00000000ec600000)
  from space 50176K, 18% used [0x00000000ec600000,0x00000000eced9370,0x00000000ef700000)
  to   space 48640K, 0% used [0x00000000f3400000,0x00000000f3400000,0x00000000f6380000)
 ParOldGen       total 186368K, used 91175K [0x0000000080000000, 0x000000008b600000, 0x00000000d5580000)
  object space 186368K, 48% used [0x0000000080000000,0x0000000085909ee0,0x000000008b600000)
 Metaspace       used 108762K, capacity 114048K, committed 114368K, reserved 1148928K
  class space    used 14351K, capacity 15412K, committed 15592K, reserved 1048576K
}
Event: 2637.033 GC heap before
{Heap before GC invocations=20 (full 4):
 PSYoungGen      total 427520K, used 386404K [0x00000000d5580000, 0x00000000f6380000, 0x0000000100000000)
  eden space 377344K, 100% used [0x00000000d5580000,0x00000000ec600000,0x00000000ec600000)
  from space 50176K, 18% used [0x00000000ec600000,0x00000000eced9370,0x00000000ef700000)
  to   space 48640K, 0% used [0x00000000f3400000,0x00000000f3400000,0x00000000f6380000)
 ParOldGen       total 186368K, used 91175K [0x0000000080000000, 0x000000008b600000, 0x00000000d5580000)
  object space 186368K, 48% used [0x0000000080000000,0x0000000085909ee0,0x000000008b600000)
 Metaspace       used 113924K, capacity 120206K, committed 120640K, reserved 1153024K
  class space    used 15035K, capacity 16281K, committed 16488K, reserved 1048576K
Event: 2637.048 GC heap after
Heap after GC invocations=20 (full 4):
 PSYoungGen      total 460288K, used 17900K [0x00000000d5580000, 0x00000000f5200000, 0x0000000100000000)
  eden space 429568K, 0% used [0x00000000d5580000,0x00000000d5580000,0x00000000ef900000)
  from space 30720K, 58% used [0x00000000f3400000,0x00000000f457b218,0x00000000f5200000)
  to   space 45568K, 0% used [0x00000000ef900000,0x00000000ef900000,0x00000000f2580000)
 ParOldGen       total 186368K, used 91183K [0x0000000080000000, 0x000000008b600000, 0x00000000d5580000)
  object space 186368K, 48% used [0x0000000080000000,0x000000008590bee0,0x000000008b600000)
 Metaspace       used 113924K, capacity 120206K, committed 120640K, reserved 1153024K
  class space    used 15035K, capacity 16281K, committed 16488K, reserved 1048576K
}

